<?xml version="1.0" encoding="UTF-8"?>
<!-- Generated by org.testng.reporters.JUnitXMLReporter -->
<testsuite hostname="Keyur" ignored="1" name="Login page Test_chrome" tests="3" failures="0" timestamp="23 May 2023 07:50:18 GMT" time="18.406" errors="0">
  <testcase name="loginPageUrlTest" time="0.101" classname="com.qa.opencart.tests.LoginPageTest"/>
  <testcase name="loginPageTitleTest" time="0.232" classname="com.qa.opencart.tests.LoginPageTest"/>
  <testcase name="loginTest" time="4.366" classname="com.qa.opencart.tests.LoginPageTest"/>
  <testcase name="forgotPwdLinkTest" time="0.0" classname="com.qa.opencart.tests.LoginPageTest">
    <ignored/>
  </testcase> <!-- forgotPwdLinkTest -->
</testsuite> <!-- Login page Test_chrome -->
