<?xml version="1.0" encoding="UTF-8"?>
<!-- Generated by org.testng.reporters.JUnitXMLReporter -->
<testsuite hostname="Keyur" ignored="2" name="Default test" tests="2" failures="0" timestamp="10 May 2023 10:42:48 GMT" time="19.386" errors="0">
  <testcase name="loginPageTitleTest" time="0.042" classname="com.qa.opencart.tests.LoginPageTest"/>
  <testcase name="loginTest" time="9.426" classname="com.qa.opencart.tests.LoginPageTest"/>
  <testcase name="forgotPwdLinkTest" time="0.0" classname="com.qa.opencart.tests.LoginPageTest">
    <ignored/>
  </testcase> <!-- forgotPwdLinkTest -->
  <testcase name="loginPageUrlTest" time="0.0" classname="com.qa.opencart.tests.LoginPageTest">
    <ignored/>
  </testcase> <!-- loginPageUrlTest -->
</testsuite> <!-- Default test -->
