<?xml version="1.0" encoding="UTF-8"?>
<testng-results skipped="0" failed="0" ignored="1" total="4" passed="3">
  <reporter-output>
  </reporter-output>
  <suite name="Demo Cart App Test automtion regression suite" duration-ms="18406" started-at="2023-05-23T07:49:59Z" finished-at="2023-05-23T07:50:18Z">
    <groups>
    </groups>
    <test name="Login page Test_chrome" duration-ms="18406" started-at="2023-05-23T07:49:59Z" finished-at="2023-05-23T07:50:18Z">
      <class name="com.qa.opencart.tests.LoginPageTest">
        <test-method status="PASS" signature="setup(java.lang.String)[pri:0, instance:com.qa.opencart.tests.LoginPageTest@6fce47]" name="setup" is-config="true" duration-ms="11910" started-at="2023-05-23T07:50:00Z" finished-at="2023-05-23T07:50:12Z">
          <params>
            <param index="0">
              <value>
                <![CDATA[chrome]]>
              </value>
            </param>
          </params>
          <reporter-output>
          </reporter-output>
        </test-method> <!-- setup -->
        <test-method status="PASS" signature="loginPageUrlTest()[pri:0, instance:com.qa.opencart.tests.LoginPageTest@6fce47]" name="loginPageUrlTest" duration-ms="101" started-at="2023-05-23T07:50:12Z" finished-at="2023-05-23T07:50:12Z">
          <reporter-output>
          </reporter-output>
        </test-method> <!-- loginPageUrlTest -->
        <test-method status="PASS" signature="loginPageTitleTest()[pri:1, instance:com.qa.opencart.tests.LoginPageTest@6fce47]" name="loginPageTitleTest" duration-ms="232" started-at="2023-05-23T07:50:12Z" finished-at="2023-05-23T07:50:12Z">
          <reporter-output>
          </reporter-output>
        </test-method> <!-- loginPageTitleTest -->
        <test-method status="PASS" signature="loginTest()[pri:4, instance:com.qa.opencart.tests.LoginPageTest@6fce47]" name="loginTest" duration-ms="4366" started-at="2023-05-23T07:50:12Z" finished-at="2023-05-23T07:50:17Z">
          <reporter-output>
          </reporter-output>
        </test-method> <!-- loginTest -->
        <test-method status="PASS" signature="tearDown()[pri:0, instance:com.qa.opencart.tests.LoginPageTest@6fce47]" name="tearDown" is-config="true" duration-ms="1001" started-at="2023-05-23T07:50:17Z" finished-at="2023-05-23T07:50:18Z">
          <reporter-output>
          </reporter-output>
        </test-method> <!-- tearDown -->
      </class> <!-- com.qa.opencart.tests.LoginPageTest -->
    </test> <!-- Login page Test_chrome -->
  </suite> <!-- Demo Cart App Test automtion regression suite -->
</testng-results>
