<?xml version="1.0" encoding="UTF-8"?>
<!-- Generated by org.testng.reporters.JUnitXMLReporter -->
<testsuite hostname="Keyur" ignored="1" name="Login page Test_ff" tests="3" failures="0" timestamp="14 May 2023 13:45:59 GMT" time="16.159" errors="0">
  <testcase name="loginPageUrlTest" time="0.462" classname="com.qa.opencart.tests.LoginPageTest"/>
  <testcase name="loginPageTitleTest" time="0.006" classname="com.qa.opencart.tests.LoginPageTest"/>
  <testcase name="loginTest" time="2.631" classname="com.qa.opencart.tests.LoginPageTest"/>
  <testcase name="forgotPwdLinkTest" time="0.0" classname="com.qa.opencart.tests.LoginPageTest">
    <ignored/>
  </testcase> <!-- forgotPwdLinkTest -->
</testsuite> <!-- Login page Test_ff -->
